<?xml version="1.0" encoding="UTF-8"?>
<<<<<<< HEAD
<testsuite name="edu.duke.ece651.team12.server.AppTest" tests="1" skipped="1" failures="0" errors="0" timestamp="2023-04-11T16:45:54" hostname="coconut-VirtualBox" time="0.007">
  <properties/>
  <testcase name="test2()" classname="edu.duke.ece651.team12.server.AppTest" time="0.007">
=======
<testsuite name="edu.duke.ece651.team12.server.AppTest" tests="1" skipped="1" failures="0" errors="0" timestamp="2023-04-11T04:10:37" hostname="DSR" time="0.0">
  <properties/>
  <testcase name="test2()" classname="edu.duke.ece651.team12.server.AppTest" time="0.0">
>>>>>>> 5cd1246ae8ee8854952e864af3c2900ebc855d3a
    <skipped/>
  </testcase>
  <system-out><![CDATA[]]></system-out>
  <system-err><![CDATA[]]></system-err>
</testsuite>
