<?xml version="1.0" encoding="UTF-8"?>
<<<<<<< HEAD
<testsuite name="edu.duke.ece651.team12.server.V2ServerTest" tests="1" skipped="0" failures="0" errors="0" timestamp="2023-04-11T16:45:54" hostname="coconut-VirtualBox" time="0.126">
  <properties/>
  <testcase name="test()" classname="edu.duke.ece651.team12.server.V2ServerTest" time="0.126"/>
=======
<testsuite name="edu.duke.ece651.team12.server.V2ServerTest" tests="1" skipped="0" failures="0" errors="0" timestamp="2023-04-11T04:10:37" hostname="DSR" time="0.029">
  <properties/>
  <testcase name="test()" classname="edu.duke.ece651.team12.server.V2ServerTest" time="0.029"/>
>>>>>>> 5cd1246ae8ee8854952e864af3c2900ebc855d3a
  <system-out><![CDATA[]]></system-out>
  <system-err><![CDATA[]]></system-err>
</testsuite>
