<?xml version="1.0" encoding="UTF-8"?>
<testsuite name="edu.duke.ece651.team12.client.V2ClientTest" tests="1" skipped="0" failures="0" errors="0" timestamp="2023-04-11T20:05:59" hostname="DSR" time="0.02">
  <properties/>
  <testcase name="test_()" classname="edu.duke.ece651.team12.client.V2ClientTest" time="0.02"/>
  <system-out><![CDATA[]]></system-out>
  <system-err><![CDATA[]]></system-err>
</testsuite>
