<?xml version="1.0" encoding="UTF-8"?>
<testsuite name="edu.duke.ece651.team12.shared.RailwayConstructRequestResolverTest" tests="1" skipped="0" failures="0" errors="0" timestamp="2023-04-23T17:24:43" hostname="DSR" time="0.004">
  <properties/>
  <testcase name="test()" classname="edu.duke.ece651.team12.shared.RailwayConstructRequestResolverTest" time="0.004"/>
  <system-out><![CDATA[player Red constructed railway between 0 and 1
The construction cost 15 units of food.
All Railways passing through Red has been sabotaged. The spy was revealed, and was executed as retaliation.
All Railways passing through Lindon has been sabotaged. The spy was revealed but fled to safety before captured by Red.
player Green trained a spy in 2
]]></system-out>
  <system-err><![CDATA[]]></system-err>
</testsuite>
