<?xml version="1.0" encoding="UTF-8"?>
<testsuite name="edu.duke.ece651.team12.shared.BasicMapFactoryTest" tests="1" skipped="0" failures="0" errors="0" timestamp="2023-04-23T17:24:43" hostname="DSR" time="0.003">
  <properties/>
  <testcase name="test_basic_map_factory()" classname="edu.duke.ece651.team12.shared.BasicMapFactoryTest" time="0.003"/>
  <system-out><![CDATA[MD has 24 territoires, controlled by 3 players.
Your territories:
0. The Shire. Onwer: Player 0
Food production: 0
Tech production: 0
Shirriff: 0
Gondorian Militia: 0
Rohirrim: 0
Dwarvish Warrior: 0
Elvish Archer: 0
Oliphaunt Rider: 0
Balrog: 0
total: 0 units
Neighbors: 1 3 5 6 8 11 14 15 16 23 
Spys:
Cloaking turns: 0
1. Bree. Onwer: Player 0
Food production: 0
Tech production: 0
Shirriff: 0
Gondorian Militia: 0
Rohirrim: 0
Dwarvish Warrior: 0
Elvish Archer: 0
Oliphaunt Rider: 0
Balrog: 0
total: 0 units
Neighbors: 0 2 7 9 10 12 13 14 16 17 18 20 
Spys:
Cloaking turns: 0
2. Rivendell. Onwer: Player 0
Food production: 0
Tech production: 0
Shirriff: 0
Gondorian Militia: 0
Rohirrim: 0
Dwarvish Warrior: 0
Elvish Archer: 0
Oliphaunt Rider: 0
Balrog: 0
total: 0 units
Neighbors: 1 3 4 6 9 10 11 12 14 18 23 
Spys:
Cloaking turns: 0
3. Weather Hills. Onwer: Player 0
Food production: 0
Tech production: 0
Shirriff: 0
Gondorian Militia: 0
Rohirrim: 0
Dwarvish Warrior: 0
Elvish Archer: 0
Oliphaunt Rider: 0
Balrog: 0
total: 0 units
Neighbors: 0 2 4 5 9 11 12 13 14 
Spys:
Cloaking turns: 0
4. Lake Evendim. Onwer: Player 0
Food production: 0
Tech production: 0
Shirriff: 0
Gondorian Militia: 0
Rohirrim: 0
Dwarvish Warrior: 0
Elvish Archer: 0
Oliphaunt Rider: 0
Balrog: 0
total: 0 units
Neighbors: 2 3 5 7 8 9 14 16 17 18 
Spys:
Cloaking turns: 0
5. Forodwaith. Onwer: Player 0
Food production: 0
Tech production: 0
Shirriff: 0
Gondorian Militia: 0
Rohirrim: 0
Dwarvish Warrior: 0
Elvish Archer: 0
Oliphaunt Rider: 0
Balrog: 0
total: 0 units
Neighbors: 0 3 4 6 8 13 14 16 17 18 20 22 
Spys:
Cloaking turns: 0
6. Grey Mountains. Onwer: Player 0
Food production: 0
Tech production: 0
Shirriff: 0
Gondorian Militia: 0
Rohirrim: 0
Dwarvish Warrior: 0
Elvish Archer: 0
Oliphaunt Rider: 0
Balrog: 0
total: 0 units
Neighbors: 0 2 5 7 8 9 10 12 14 15 16 18 23 
Spys:
Cloaking turns: 0
7. Iron Hills. Onwer: Player 0
Food production: 0
Tech production: 0
Shirriff: 0
Gondorian Militia: 0
Rohirrim: 0
Dwarvish Warrior: 0
Elvish Archer: 0
Oliphaunt Rider: 0
Balrog: 0
total: 0 units
Neighbors: 1 4 6 8 14 15 18 20 
Spys:
Cloaking turns: 0

====================

Enemy Territorires:

8. Erebor. Onwer: Player 1
Food production: 0
Tech production: 0
Shirriff: 0
Gondorian Militia: 0
Rohirrim: 0
Dwarvish Warrior: 0
Elvish Archer: 0
Oliphaunt Rider: 0
Balrog: 0
total: 0 units
Spys:

9. Lorien. Onwer: Player 1
Food production: 0
Tech production: 0
Shirriff: 0
Gondorian Militia: 0
Rohirrim: 0
Dwarvish Warrior: 0
Elvish Archer: 0
Oliphaunt Rider: 0
Balrog: 0
total: 0 units
Spys:

10. Misty Mountains. Onwer: Player 1
Food production: 0
Tech production: 0
Shirriff: 0
Gondorian Militia: 0
Rohirrim: 0
Dwarvish Warrior: 0
Elvish Archer: 0
Oliphaunt Rider: 0
Balrog: 0
total: 0 units
Spys:

11. Mirkwood. Onwer: Player 1
Food production: 0
Tech production: 0
Shirriff: 0
Gondorian Militia: 0
Rohirrim: 0
Dwarvish Warrior: 0
Elvish Archer: 0
Oliphaunt Rider: 0
Balrog: 0
total: 0 units
Spys:

12. Moria. Onwer: Player 1
Food production: 0
Tech production: 0
Shirriff: 0
Gondorian Militia: 0
Rohirrim: 0
Dwarvish Warrior: 0
Elvish Archer: 0
Oliphaunt Rider: 0
Balrog: 0
total: 0 units
Spys:

13. Edoras. Onwer: Player 1
Food production: 0
Tech production: 0
Shirriff: 0
Gondorian Militia: 0
Rohirrim: 0
Dwarvish Warrior: 0
Elvish Archer: 0
Oliphaunt Rider: 0
Balrog: 0
total: 0 units
Spys:

14. Helm's Deep. Onwer: Player 1
Food production: 0
Tech production: 0
Shirriff: 0
Gondorian Militia: 0
Rohirrim: 0
Dwarvish Warrior: 0
Elvish Archer: 0
Oliphaunt Rider: 0
Balrog: 0
total: 0 units
Spys:

15. Fangorn Forest. Onwer: Player 1
Food production: 0
Tech production: 0
Shirriff: 0
Gondorian Militia: 0
Rohirrim: 0
Dwarvish Warrior: 0
Elvish Archer: 0
Oliphaunt Rider: 0
Balrog: 0
total: 0 units
Spys:


====================

16. Dunland. Onwer: Player 2
Food production: 0
Tech production: 0
Shirriff: 0
Gondorian Militia: 0
Rohirrim: 0
Dwarvish Warrior: 0
Elvish Archer: 0
Oliphaunt Rider: 0
Balrog: 0
total: 0 units
Spys:

17. Anorien. Onwer: Player 2
Food production: 0
Tech production: 0
Shirriff: 0
Gondorian Militia: 0
Rohirrim: 0
Dwarvish Warrior: 0
Elvish Archer: 0
Oliphaunt Rider: 0
Balrog: 0
total: 0 units
Spys:

18. Lebennin. Onwer: Player 2
Food production: 0
Tech production: 0
Shirriff: 0
Gondorian Militia: 0
Rohirrim: 0
Dwarvish Warrior: 0
Elvish Archer: 0
Oliphaunt Rider: 0
Balrog: 0
total: 0 units
Spys:

you have no intel on territory 19.
20. Minas Morgul. Onwer: Player 2
Food production: 0
Tech production: 0
Shirriff: 0
Gondorian Militia: 0
Rohirrim: 0
Dwarvish Warrior: 0
Elvish Archer: 0
Oliphaunt Rider: 0
Balrog: 0
total: 0 units
Spys:

you have no intel on territory 21.
22. Barad Dur. Onwer: Player 2
Food production: 0
Tech production: 0
Shirriff: 0
Gondorian Militia: 0
Rohirrim: 0
Dwarvish Warrior: 0
Elvish Archer: 0
Oliphaunt Rider: 0
Balrog: 0
total: 0 units
Spys:

23. Mountains of Shadow. Onwer: Player 2
Food production: 0
Tech production: 0
Shirriff: 0
Gondorian Militia: 0
Rohirrim: 0
Dwarvish Warrior: 0
Elvish Archer: 0
Oliphaunt Rider: 0
Balrog: 0
total: 0 units
Spys:


====================


]]></system-out>
  <system-err><![CDATA[]]></system-err>
</testsuite>
