<?xml version="1.0" encoding="UTF-8"?>
<testsuite name="edu.duke.ece651.team12.shared.AttackCostCheckerTest" tests="1" skipped="0" failures="0" errors="0" timestamp="2023-04-23T17:24:43" hostname="DSR" time="0.016">
  <properties/>
  <testcase name="test_()" classname="edu.duke.ece651.team12.shared.AttackCostCheckerTest" time="0.016"/>
  <system-out><![CDATA[]]></system-out>
  <system-err><![CDATA[]]></system-err>
</testsuite>
