<?xml version="1.0" encoding="UTF-8"?>
<testsuite name="edu.duke.ece651.team12.shared.MoveRequestResolverTest" tests="1" skipped="0" failures="0" errors="0" timestamp="2023-04-23T17:24:43" hostname="DSR" time="0.006">
  <properties/>
  <testcase name="test()" classname="edu.duke.ece651.team12.shared.MoveRequestResolverTest" time="0.006"/>
  <system-out><![CDATA[Middle Earth has 24 territoires, controlled by 3 players.
Your territories:
0. Lindon. Onwer: Gandalf
Food production: 3
Tech production: 2
Shirriff: 26
Gondorian Militia: 86
Rohirrim: 0
Dwarvish Warrior: 0
Elvish Archer: 0
Oliphaunt Rider: 0
Balrog: 0
total: 112 units
Neighbors: 1 2 
Spys:
Cloaking turns: 0
1. Annuminas. Onwer: Gandalf
Food production: 2
Tech production: 3
Shirriff: 74
Gondorian Militia: 14
Rohirrim: 0
Dwarvish Warrior: 0
Elvish Archer: 0
Oliphaunt Rider: 0
Balrog: 0
total: 88 units
Neighbors: 0 2 3 
Spys:
Cloaking turns: 0
2. The Shire. Onwer: Gandalf
Food production: 3
Tech production: 2
Shirriff: 0
Gondorian Militia: 0
Rohirrim: 0
Dwarvish Warrior: 0
Elvish Archer: 0
Oliphaunt Rider: 0
Balrog: 0
total: 0 units
Neighbors: 0 1 3 6 
Spys:
Cloaking turns: 0
3. Amon Sul. Onwer: Gandalf
Food production: 2
Tech production: 3
Shirriff: 0
Gondorian Militia: 0
Rohirrim: 0
Dwarvish Warrior: 0
Elvish Archer: 0
Oliphaunt Rider: 0
Balrog: 0
total: 0 units
Neighbors: 1 2 4 5 
Spys:
Cloaking turns: 0
4. Imladris. Onwer: Gandalf
Food production: 0
Tech production: 0
Shirriff: 0
Gondorian Militia: 0
Rohirrim: 0
Dwarvish Warrior: 0
Elvish Archer: 0
Oliphaunt Rider: 0
Balrog: 0
total: 0 units
Neighbors: 3 5 8 
Spys:
Cloaking turns: 0
5. Angmar. Onwer: Gandalf
Food production: 5
Tech production: 5
Shirriff: 0
Gondorian Militia: 0
Rohirrim: 0
Dwarvish Warrior: 0
Elvish Archer: 0
Oliphaunt Rider: 0
Balrog: 0
total: 0 units
Neighbors: 3 4 
Spys:
Cloaking turns: 0
6. Minhiriath. Onwer: Gandalf
Food production: 2
Tech production: 0
Shirriff: 0
Gondorian Militia: 0
Rohirrim: 0
Dwarvish Warrior: 0
Elvish Archer: 0
Oliphaunt Rider: 0
Balrog: 0
total: 0 units
Neighbors: 2 7 
Spys:
Cloaking turns: 0
7. Enedwaith. Onwer: Gandalf
Food production: 3
Tech production: 5
Shirriff: 0
Gondorian Militia: 0
Rohirrim: 0
Dwarvish Warrior: 0
Elvish Archer: 0
Oliphaunt Rider: 0
Balrog: 0
total: 0 units
Neighbors: 6 16 
Spys:
Cloaking turns: 0

====================

Enemy Territorires:

8. Gundabad. Onwer: Wilhelm II
Food production: 0
Tech production: 4
Shirriff: 0
Gondorian Militia: 0
Rohirrim: 0
Dwarvish Warrior: 0
Elvish Archer: 0
Oliphaunt Rider: 0
Balrog: 0
total: 0 units
Spys:

you have no intel on territory 9.
you have no intel on territory 10.
you have no intel on territory 11.
you have no intel on territory 12.
you have no intel on territory 13.
you have no intel on territory 14.
you have no intel on territory 15.

====================

16. Dunland. Onwer: Yoda
Food production: 3
Tech production: 0
Shirriff: 0
Gondorian Militia: 0
Rohirrim: 0
Dwarvish Warrior: 0
Elvish Archer: 0
Oliphaunt Rider: 0
Balrog: 0
total: 0 units
Spys:

you have no intel on territory 17.
you have no intel on territory 18.
you have no intel on territory 19.
you have no intel on territory 20.
you have no intel on territory 21.
you have no intel on territory 22.
you have no intel on territory 23.

====================


Adjacency Matrix:

   |000|001|002|003|004|005|006|007|008|009|010|011|012|013|014|015|016|017|018|019|020|021|022|023|
000|   | * | * |   |   |   |   |   |   |   |   |   |   |   |   |   |   |   |   |   |   |   |   |   |000
001| * |   | * | * |   |   |   |   |   |   |   |   |   |   |   |   |   |   |   |   |   |   |   |   |001
002| * | * |   | * |   |   | * |   |   |   |   |   |   |   |   |   |   |   |   |   |   |   |   |   |002
003|   | * | * |   | * | * |   |   |   |   |   |   |   |   |   |   |   |   |   |   |   |   |   |   |003
004|   |   |   | * |   | * |   |   | * |   |   |   |   |   |   |   |   |   |   |   |   |   |   |   |004
005|   |   |   | * | * |   |   |   |   |   |   |   |   |   |   |   |   |   |   |   |   |   |   |   |005
006|   |   | * |   |   |   |   | * |   |   |   |   |   |   |   |   |   |   |   |   |   |   |   |   |006
007|   |   |   |   |   |   | * |   |   |   |   |   |   |   |   |   | * |   |   |   |   |   |   |   |007
008|   |   |   |   | * |   |   |   |   | * | * |   |   |   |   |   |   |   |   |   |   |   |   |   |008
009|   |   |   |   |   |   |   |   | * |   |   |   |   |   | * | * | * |   |   |   |   |   |   |   |009
010|   |   |   |   |   |   |   |   | * |   |   | * | * |   | * |   |   |   |   |   |   |   |   |   |010
011|   |   |   |   |   |   |   |   |   |   | * |   | * | * |   |   |   |   |   |   |   |   |   |   |011
012|   |   |   |   |   |   |   |   |   |   | * | * |   |   |   |   |   |   |   | * |   |   |   |   |012
013|   |   |   |   |   |   |   |   |   |   |   | * |   |   |   |   |   |   |   | * |   |   |   |   |013
014|   |   |   |   |   |   |   |   |   | * | * |   |   |   |   | * |   |   |   |   |   |   |   |   |014
015|   |   |   |   |   |   |   |   |   | * |   |   |   |   | * |   |   | * |   |   |   |   |   |   |015
016|   |   |   |   |   |   |   | * |   | * |   |   |   |   |   |   |   |   | * |   |   |   |   |   |016
017|   |   |   |   |   |   |   |   |   |   |   |   |   |   |   | * |   |   | * | * |   |   |   |   |017
018|   |   |   |   |   |   |   |   |   |   |   |   |   |   |   |   | * | * |   |   | * |   |   | * |018
019|   |   |   |   |   |   |   |   |   |   |   |   | * | * |   |   |   | * |   |   |   | * |   |   |019
020|   |   |   |   |   |   |   |   |   |   |   |   |   |   |   |   |   |   | * |   |   | * |   | * |020
021|   |   |   |   |   |   |   |   |   |   |   |   |   |   |   |   |   |   |   | * | * |   | * |   |021
022|   |   |   |   |   |   |   |   |   |   |   |   |   |   |   |   |   |   |   |   |   | * |   | * |022
023|   |   |   |   |   |   |   |   |   |   |   |   |   |   |   |   |   |   | * |   | * |   | * |   |023

]]></system-out>
  <system-err><![CDATA[]]></system-err>
</testsuite>
