<?xml version="1.0" encoding="UTF-8"?>
<testsuite name="edu.duke.ece651.team12.shared.PlayerInfoTest" tests="1" skipped="0" failures="0" errors="0" timestamp="2023-04-23T17:24:43" hostname="DSR" time="0.001">
  <properties/>
  <testcase name="test()" classname="edu.duke.ece651.team12.shared.PlayerInfoTest" time="0.001"/>
  <system-out><![CDATA[]]></system-out>
  <system-err><![CDATA[]]></system-err>
</testsuite>
