<?xml version="1.0" encoding="UTF-8"?>
<testsuite name="edu.duke.ece651.team12.shared.V2MapFactoryTest" tests="1" skipped="0" failures="0" errors="0" timestamp="2023-04-23T17:24:43" hostname="DSR" time="0.001">
  <properties/>
  <testcase name="test_()" classname="edu.duke.ece651.team12.shared.V2MapFactoryTest" time="0.001"/>
  <system-out><![CDATA[[0, 3, 3, 2147483647, 2147483647, 2147483647, 2147483647, 2147483647, 2147483647, 2147483647, 2147483647, 2147483647, 2147483647, 2147483647, 2147483647, 2147483647, 2147483647, 2147483647, 2147483647, 2147483647, 2147483647, 2147483647, 2147483647, 2147483647]
[3, 0, 1, 1, 2147483647, 2147483647, 2147483647, 2147483647, 2147483647, 2147483647, 2147483647, 2147483647, 2147483647, 2147483647, 2147483647, 2147483647, 2147483647, 2147483647, 2147483647, 2147483647, 2147483647, 2147483647, 2147483647, 2147483647]
[3, 1, 0, 1, 2147483647, 2147483647, 2, 2147483647, 2147483647, 2147483647, 2147483647, 2147483647, 2147483647, 2147483647, 2147483647, 2147483647, 2147483647, 2147483647, 2147483647, 2147483647, 2147483647, 2147483647, 2147483647, 2147483647]
[2147483647, 1, 1, 0, 2, 1, 2147483647, 2147483647, 2147483647, 2147483647, 2147483647, 2147483647, 2147483647, 2147483647, 2147483647, 2147483647, 2147483647, 2147483647, 2147483647, 2147483647, 2147483647, 2147483647, 2147483647, 2147483647]
[2147483647, 2147483647, 2147483647, 2, 0, 2, 2147483647, 2147483647, 5, 2147483647, 2147483647, 2147483647, 2147483647, 2147483647, 2147483647, 2147483647, 2147483647, 2147483647, 2147483647, 2147483647, 2147483647, 2147483647, 2147483647, 2147483647]
[2147483647, 2147483647, 2147483647, 1, 2, 0, 2147483647, 2147483647, 2147483647, 2147483647, 2147483647, 2147483647, 2147483647, 2147483647, 2147483647, 2147483647, 2147483647, 2147483647, 2147483647, 2147483647, 2147483647, 2147483647, 2147483647, 2147483647]
[2147483647, 2147483647, 2, 2147483647, 2147483647, 2147483647, 0, 2, 2147483647, 2147483647, 2147483647, 2147483647, 2147483647, 2147483647, 2147483647, 2147483647, 2147483647, 2147483647, 2147483647, 2147483647, 2147483647, 2147483647, 2147483647, 2147483647]
[2147483647, 2147483647, 2147483647, 2147483647, 2147483647, 2147483647, 2, 0, 2147483647, 2147483647, 2147483647, 2147483647, 2147483647, 2147483647, 2147483647, 2147483647, 2, 2147483647, 2147483647, 2147483647, 2147483647, 2147483647, 2147483647, 2147483647]
[2147483647, 2147483647, 2147483647, 2147483647, 5, 2147483647, 2147483647, 2147483647, 0, 5, 5, 2147483647, 2147483647, 2147483647, 2147483647, 2147483647, 2147483647, 2147483647, 2147483647, 2147483647, 2147483647, 2147483647, 2147483647, 2147483647]
[2147483647, 2147483647, 2147483647, 2147483647, 2147483647, 2147483647, 2147483647, 2147483647, 5, 0, 2147483647, 2147483647, 2147483647, 2147483647, 5, 5, 5, 2147483647, 2147483647, 2147483647, 2147483647, 2147483647, 2147483647, 2147483647]
[2147483647, 2147483647, 2147483647, 2147483647, 2147483647, 2147483647, 2147483647, 2147483647, 5, 2147483647, 0, 1, 1, 2147483647, 1, 2147483647, 2147483647, 2147483647, 2147483647, 2147483647, 2147483647, 2147483647, 2147483647, 2147483647]
[2147483647, 2147483647, 2147483647, 2147483647, 2147483647, 2147483647, 2147483647, 2147483647, 2147483647, 2147483647, 1, 0, 2, 2, 2147483647, 2147483647, 2147483647, 2147483647, 2147483647, 2147483647, 2147483647, 2147483647, 2147483647, 2147483647]
[2147483647, 2147483647, 2147483647, 2147483647, 2147483647, 2147483647, 2147483647, 2147483647, 2147483647, 2147483647, 1, 2, 0, 2147483647, 2147483647, 2147483647, 2147483647, 2147483647, 2147483647, 1, 2147483647, 2147483647, 2147483647, 2147483647]
[2147483647, 2147483647, 2147483647, 2147483647, 2147483647, 2147483647, 2147483647, 2147483647, 2147483647, 2147483647, 2147483647, 2, 2147483647, 0, 2147483647, 2147483647, 2147483647, 2147483647, 2147483647, 3, 2147483647, 2147483647, 2147483647, 2147483647]
[2147483647, 2147483647, 2147483647, 2147483647, 2147483647, 2147483647, 2147483647, 2147483647, 2147483647, 5, 1, 2147483647, 2147483647, 2147483647, 0, 1, 2147483647, 2147483647, 2147483647, 2147483647, 2147483647, 2147483647, 2147483647, 2147483647]
[2147483647, 2147483647, 2147483647, 2147483647, 2147483647, 2147483647, 2147483647, 2147483647, 2147483647, 5, 2147483647, 2147483647, 2147483647, 2147483647, 1, 0, 2147483647, 1, 2147483647, 2147483647, 2147483647, 2147483647, 2147483647, 2147483647]
[2147483647, 2147483647, 2147483647, 2147483647, 2147483647, 2147483647, 2147483647, 2, 2147483647, 5, 2147483647, 2147483647, 2147483647, 2147483647, 2147483647, 2147483647, 0, 2147483647, 3, 2147483647, 2147483647, 2147483647, 2147483647, 2147483647]
[2147483647, 2147483647, 2147483647, 2147483647, 2147483647, 2147483647, 2147483647, 2147483647, 2147483647, 2147483647, 2147483647, 2147483647, 2147483647, 2147483647, 2147483647, 1, 2147483647, 0, 3, 2, 2147483647, 2147483647, 2147483647, 2147483647]
[2147483647, 2147483647, 2147483647, 2147483647, 2147483647, 2147483647, 2147483647, 2147483647, 2147483647, 2147483647, 2147483647, 2147483647, 2147483647, 2147483647, 2147483647, 2147483647, 3, 3, 0, 2147483647, 2, 2147483647, 2147483647, 3]
[2147483647, 2147483647, 2147483647, 2147483647, 2147483647, 2147483647, 2147483647, 2147483647, 2147483647, 2147483647, 2147483647, 2147483647, 1, 3, 2147483647, 2147483647, 2147483647, 2, 2147483647, 0, 2147483647, 3, 2147483647, 2147483647]
[2147483647, 2147483647, 2147483647, 2147483647, 2147483647, 2147483647, 2147483647, 2147483647, 2147483647, 2147483647, 2147483647, 2147483647, 2147483647, 2147483647, 2147483647, 2147483647, 2147483647, 2147483647, 2, 2147483647, 0, 3, 2147483647, 3]
[2147483647, 2147483647, 2147483647, 2147483647, 2147483647, 2147483647, 2147483647, 2147483647, 2147483647, 2147483647, 2147483647, 2147483647, 2147483647, 2147483647, 2147483647, 2147483647, 2147483647, 2147483647, 2147483647, 3, 3, 0, 1, 2147483647]
[2147483647, 2147483647, 2147483647, 2147483647, 2147483647, 2147483647, 2147483647, 2147483647, 2147483647, 2147483647, 2147483647, 2147483647, 2147483647, 2147483647, 2147483647, 2147483647, 2147483647, 2147483647, 2147483647, 2147483647, 2147483647, 1, 0, 3]
[2147483647, 2147483647, 2147483647, 2147483647, 2147483647, 2147483647, 2147483647, 2147483647, 2147483647, 2147483647, 2147483647, 2147483647, 2147483647, 2147483647, 2147483647, 2147483647, 2147483647, 2147483647, 3, 2147483647, 3, 2147483647, 3, 0]
]]></system-out>
  <system-err><![CDATA[]]></system-err>
</testsuite>
