<?xml version="1.0" encoding="UTF-8"?>
<testsuite name="edu.duke.ece651.team12.shared.SpyMoveOwnershipCheckerTest" tests="1" skipped="0" failures="0" errors="0" timestamp="2023-04-23T17:24:43" hostname="DSR" time="0.003">
  <properties/>
  <testcase name="test()" classname="edu.duke.ece651.team12.shared.SpyMoveOwnershipCheckerTest" time="0.003"/>
  <system-out><![CDATA[SM cost check passed
SM cost check passed
SM repeat check passed
]]></system-out>
  <system-err><![CDATA[]]></system-err>
</testsuite>
